# JRE version: OpenJDK Runtime Environment (8.0_202-b03) (build 1.8.0_202-release-1483-b03)
# Java VM: OpenJDK 64-Bit Server VM (25.202-b03 mixed mode windows-amd64 compressed oops)
Heap:
 PSYoungGen      total 452608K, used 358818K [0x00000000e0000000, 0x00000000fde00000, 0x0000000100000000)
  eden space 425984K, 83% used [0x00000000e0000000,0x00000000f5a267f0,0x00000000fa000000)
  from space 26624K, 16% used [0x00000000fc400000,0x00000000fc842250,0x00000000fde00000)
  to   space 31744K, 0% used [0x00000000fa000000,0x00000000fa000000,0x00000000fbf00000)
 ParOldGen       total 161280K, used 59967K [0x00000000a0000000, 0x00000000a9d80000, 0x00000000e0000000)
  object space 161280K, 37% used [0x00000000a0000000,0x00000000a3a8fc68,0x00000000a9d80000)
 Metaspace       used 102841K, capacity 106335K, committed 107392K, reserved 1142784K
  class space    used 12770K, capacity 13458K, committed 13696K, reserved 1048576K
GC Heap History (10 events):
Event: 1859.785 GC heap before
{Heap before GC invocations=30 (full 4):
 PSYoungGen      total 263168K, used 231344K [0x00000000e0000000, 0x00000000f5f80000, 0x0000000100000000)
  eden space 228352K, 100% used [0x00000000e0000000,0x00000000edf00000,0x00000000edf00000)
  from space 34816K, 8% used [0x00000000edf00000,0x00000000ee1ec010,0x00000000f0100000)
  to   space 35328K, 0% used [0x00000000f3d00000,0x00000000f3d00000,0x00000000f5f80000)
 ParOldGen       total 161280K, used 44628K [0x00000000a0000000, 0x00000000a9d80000, 0x00000000e0000000)
  object space 161280K, 27% used [0x00000000a0000000,0x00000000a2b953b0,0x00000000a9d80000)
 Metaspace       used 95369K, capacity 98617K, committed 100224K, reserved 1136640K
  class space    used 11941K, capacity 12581K, committed 12928K, reserved 1048576K
Event: 1859.804 GC heap after
Heap after GC invocations=30 (full 4):
 PSYoungGen      total 319488K, used 4695K [0x00000000e0000000, 0x00000000f5d00000, 0x0000000100000000)
  eden space 286720K, 0% used [0x00000000e0000000,0x00000000e0000000,0x00000000f1800000)
  from space 32768K, 14% used [0x00000000f3d00000,0x00000000f4195e18,0x00000000f5d00000)
  to   space 35328K, 0% used [0x00000000f1800000,0x00000000f1800000,0x00000000f3a80000)
 ParOldGen       total 161280K, used 44636K [0x00000000a0000000, 0x00000000a9d80000, 0x00000000e0000000)
  object space 161280K, 27% used [0x00000000a0000000,0x00000000a2b973b0,0x00000000a9d80000)
 Metaspace       used 95369K, capacity 98617K, committed 100224K, reserved 1136640K
  class space    used 11941K, capacity 12581K, committed 12928K, reserved 1048576K
}
Event: 1866.898 GC heap before
{Heap before GC invocations=31 (full 4):
 PSYoungGen      total 319488K, used 291415K [0x00000000e0000000, 0x00000000f5d00000, 0x0000000100000000)
  eden space 286720K, 100% used [0x00000000e0000000,0x00000000f1800000,0x00000000f1800000)
  from space 32768K, 14% used [0x00000000f3d00000,0x00000000f4195e18,0x00000000f5d00000)
  to   space 35328K, 0% used [0x00000000f1800000,0x00000000f1800000,0x00000000f3a80000)
 ParOldGen       total 161280K, used 44636K [0x00000000a0000000, 0x00000000a9d80000, 0x00000000e0000000)
  object space 161280K, 27% used [0x00000000a0000000,0x00000000a2b973b0,0x00000000a9d80000)
 Metaspace       used 101310K, capacity 104607K, committed 105984K, reserved 1142784K
  class space    used 12595K, capacity 13254K, committed 13568K, reserved 1048576K
Event: 1866.926 GC heap after
Heap after GC invocations=31 (full 4):
 PSYoungGen      total 322048K, used 10519K [0x00000000e0000000, 0x00000000f9e80000, 0x0000000100000000)
  eden space 286720K, 0% used [0x00000000e0000000,0x00000000e0000000,0x00000000f1800000)
  from space 35328K, 29% used [0x00000000f1800000,0x00000000f2245c30,0x00000000f3a80000)
  to   space 33792K, 0% used [0x00000000f7d80000,0x00000000f7d80000,0x00000000f9e80000)
 ParOldGen       total 161280K, used 46552K [0x00000000a0000000, 0x00000000a9d80000, 0x00000000e0000000)
  object space 161280K, 28% used [0x00000000a0000000,0x00000000a2d76160,0x00000000a9d80000)
 Metaspace       used 101310K, capacity 104607K, committed 105984K, reserved 1142784K
  class space    used 12595K, capacity 13254K, committed 13568K, reserved 1048576K
}
Event: 1869.358 GC heap before
{Heap before GC invocations=32 (full 4):
 PSYoungGen      total 322048K, used 297239K [0x00000000e0000000, 0x00000000f9e80000, 0x0000000100000000)
  eden space 286720K, 100% used [0x00000000e0000000,0x00000000f1800000,0x00000000f1800000)
  from space 35328K, 29% used [0x00000000f1800000,0x00000000f2245c30,0x00000000f3a80000)
  to   space 33792K, 0% used [0x00000000f7d80000,0x00000000f7d80000,0x00000000f9e80000)
 ParOldGen       total 161280K, used 46552K [0x00000000a0000000, 0x00000000a9d80000, 0x00000000e0000000)
  object space 161280K, 28% used [0x00000000a0000000,0x00000000a2d76160,0x00000000a9d80000)
 Metaspace       used 102223K, capacity 105613K, committed 106880K, reserved 1142784K
  class space    used 12699K, capacity 13351K, committed 13696K, reserved 1048576K
Event: 1869.399 GC heap after
Heap after GC invocations=32 (full 4):
 PSYoungGen      total 383488K, used 4626K [0x00000000e0000000, 0x00000000f9b00000, 0x0000000100000000)
  eden space 353280K, 0% used [0x00000000e0000000,0x00000000e0000000,0x00000000f5900000)
  from space 30208K, 15% used [0x00000000f7d80000,0x00000000f8204920,0x00000000f9b00000)
  to   space 33792K, 0% used [0x00000000f5900000,0x00000000f5900000,0x00000000f7a00000)
 ParOldGen       total 161280K, used 51180K [0x00000000a0000000, 0x00000000a9d80000, 0x00000000e0000000)
  object space 161280K, 31% used [0x00000000a0000000,0x00000000a31fb060,0x00000000a9d80000)
 Metaspace       used 102223K, capacity 105613K, committed 106880K, reserved 1142784K
  class space    used 12699K, capacity 13351K, committed 13696K, reserved 1048576K
}
Event: 1871.993 GC heap before
{Heap before GC invocations=33 (full 4):
 PSYoungGen      total 383488K, used 357906K [0x00000000e0000000, 0x00000000f9b00000, 0x0000000100000000)
  eden space 353280K, 100% used [0x00000000e0000000,0x00000000f5900000,0x00000000f5900000)
  from space 30208K, 15% used [0x00000000f7d80000,0x00000000f8204920,0x00000000f9b00000)
  to   space 33792K, 0% used [0x00000000f5900000,0x00000000f5900000,0x00000000f7a00000)
 ParOldGen       total 161280K, used 51180K [0x00000000a0000000, 0x00000000a9d80000, 0x00000000e0000000)
  object space 161280K, 31% used [0x00000000a0000000,0x00000000a31fb060,0x00000000a9d80000)
 Metaspace       used 102692K, capacity 106177K, committed 107392K, reserved 1142784K
  class space    used 12768K, capacity 13455K, committed 13696K, reserved 1048576K
Event: 1872.021 GC heap after
Heap after GC invocations=33 (full 4):
 PSYoungGen      total 387072K, used 10725K [0x00000000e0000000, 0x00000000fe380000, 0x0000000100000000)
  eden space 353280K, 0% used [0x00000000e0000000,0x00000000e0000000,0x00000000f5900000)
  from space 33792K, 31% used [0x00000000f5900000,0x00000000f6379750,0x00000000f7a00000)
  to   space 32256K, 0% used [0x00000000fc400000,0x00000000fc400000,0x00000000fe380000)
 ParOldGen       total 161280K, used 52632K [0x00000000a0000000, 0x00000000a9d80000, 0x00000000e0000000)
  object space 161280K, 32% used [0x00000000a0000000,0x00000000a3366118,0x00000000a9d80000)
 Metaspace       used 102692K, capacity 106177K, committed 107392K, reserved 1142784K
  class space    used 12768K, capacity 13455K, committed 13696K, reserved 1048576K
}
Event: 1874.700 GC heap before
{Heap before GC invocations=34 (full 4):
 PSYoungGen      total 387072K, used 364005K [0x00000000e0000000, 0x00000000fe380000, 0x0000000100000000)
  eden space 353280K, 100% used [0x00000000e0000000,0x00000000f5900000,0x00000000f5900000)
  from space 33792K, 31% used [0x00000000f5900000,0x00000000f6379750,0x00000000f7a00000)
  to   space 32256K, 0% used [0x00000000fc400000,0x00000000fc400000,0x00000000fe380000)
 ParOldGen       total 161280K, used 52632K [0x00000000a0000000, 0x00000000a9d80000, 0x00000000e0000000)
  object space 161280K, 32% used [0x00000000a0000000,0x00000000a3366118,0x00000000a9d80000)
 Metaspace       used 102747K, capacity 106185K, committed 107392K, reserved 1142784K
  class space    used 12768K, capacity 13455K, committed 13696K, reserved 1048576K
Event: 1874.735 GC heap after
Heap after GC invocations=34 (full 4):
 PSYoungGen      total 452608K, used 4360K [0x00000000e0000000, 0x00000000fde00000, 0x0000000100000000)
  eden space 425984K, 0% used [0x00000000e0000000,0x00000000e0000000,0x00000000fa000000)
  from space 26624K, 16% used [0x00000000fc400000,0x00000000fc842250,0x00000000fde00000)
  to   space 31744K, 0% used [0x00000000fa000000,0x00000000fa000000,0x00000000fbf00000)
 ParOldGen       total 161280K, used 59967K [0x00000000a0000000, 0x00000000a9d80000, 0x00000000e0000000)
  object space 161280K, 37% used [0x00000000a0000000,0x00000000a3a8fc68,0x00000000a9d80000)
 Metaspace       used 102747K, capacity 106185K, committed 107392K, reserved 1142784K
  class space    used 12768K, capacity 13455K, committed 13696K, reserved 1048576K
}

